<?xml version="1.0" encoding="UTF-8"?>
<!-- Generated by org.testng.reporters.JUnitXMLReporter -->
<testsuite hostname="SHIVA" ignored="1" name="Testng usingn Assertion2" tests="4" failures="0" timestamp="22 Jan 2023 06:59:34 GMT" time="48.959" errors="0">
  <testcase name="launchApp" time="37.281" classname="com.hyr.tests.loginOrange"/>
  <testcase name="enterLoginCredentials" time="4.308" classname="com.hyr.tests.loginOrange"/>
  <testcase name="navigateToMyInfo" time="4.233" classname="com.hyr.tests.loginOrange"/>
  <testcase name="verifyMyInfo" time="0.637" classname="com.hyr.tests.loginOrange"/>
  <testcase name="verifyLogin" time="0.0" classname="com.hyr.tests.loginOrange">
    <ignored/>
  </testcase> <!-- verifyLogin -->
</testsuite> <!-- Testng usingn Assertion2 -->
