<?xml version="1.0" encoding="UTF-8"?>
<!-- Generated by org.testng.reporters.JUnitXMLReporter -->
<testsuite hostname="SHIVA" ignored="1" name="Testng using Parameters to verifyMyInfo" tests="4" failures="0" timestamp="30 Jan 2023 02:33:57 GMT" time="15.752" errors="0">
  <testcase name="launchApp" time="4.849" classname="com.hyr.tests.ParametersSample"/>
  <testcase name="enterLoginCredentials" time="1.219" classname="com.hyr.tests.ParametersSample"/>
  <testcase name="navigateToMyInfo" time="3.551" classname="com.hyr.tests.ParametersSample"/>
  <testcase name="verifyMyInfo" time="0.765" classname="com.hyr.tests.ParametersSample"/>
  <testcase name="verifyLogin" time="0.0" classname="com.hyr.tests.ParametersSample">
    <ignored/>
  </testcase> <!-- verifyLogin -->
</testsuite> <!-- Testng using Parameters to verifyMyInfo -->
