<?xml version="1.0" encoding="UTF-8"?>
<!-- Generated by org.testng.reporters.JUnitXMLReporter -->
<testsuite hostname="SHIVA" ignored="2" name="Testng using Parameters to Login" tests="3" failures="0" timestamp="30 Jan 2023 02:33:41 GMT" time="17.098" errors="0">
  <testcase name="launchApp" time="5.074" classname="com.hyr.tests.ParametersSample"/>
  <testcase name="enterLoginCredentials" time="2.582" classname="com.hyr.tests.ParametersSample"/>
  <testcase name="verifyLogin" time="1.213" classname="com.hyr.tests.ParametersSample"/>
  <testcase name="navigateToMyInfo" time="0.0" classname="com.hyr.tests.ParametersSample">
    <ignored/>
  </testcase> <!-- navigateToMyInfo -->
  <testcase name="verifyMyInfo" time="0.0" classname="com.hyr.tests.ParametersSample">
    <ignored/>
  </testcase> <!-- verifyMyInfo -->
</testsuite> <!-- Testng using Parameters to Login -->
