<?xml version="1.0" encoding="UTF-8"?>
<!-- Generated by org.testng.reporters.JUnitXMLReporter -->
<testsuite hostname="SHIVA" ignored="2" name="groupTest" tests="2" failures="0" timestamp="23 Jan 2023 02:52:33 GMT" time="0.033" errors="0">
  <testcase name="first" time="0.008" classname="com.hyr.groupTest.NewTest1"/>
  <testcase name="fourth" time="0.001" classname="com.hyr.groupTest.NewTest1"/>
  <testcase name="second" time="0.0" classname="com.hyr.groupTest.NewTest1">
    <ignored/>
  </testcase> <!-- second -->
  <testcase name="third" time="0.0" classname="com.hyr.groupTest.NewTest1">
    <ignored/>
  </testcase> <!-- third -->
</testsuite> <!-- groupTest -->
