<?xml version="1.0" encoding="UTF-8"?>
<!-- Generated by org.testng.reporters.JUnitXMLReporter -->
<testsuite hostname="SHIVA" ignored="2" name="OrangeHRMLogin" tests="3" failures="0" timestamp="22 Jan 2023 06:36:16 GMT" time="35.89" errors="0">
  <testcase name="launchApp" time="24.868" classname="com.hyr.tests.loginOrange"/>
  <testcase name="enterLoginCredentials" time="6.243" classname="com.hyr.tests.loginOrange"/>
  <testcase name="verifyLogin" time="1.734" classname="com.hyr.tests.loginOrange"/>
  <testcase name="navigateToMyInfo" time="0.0" classname="com.hyr.tests.loginOrange">
    <ignored/>
  </testcase> <!-- navigateToMyInfo -->
  <testcase name="verifyMyInfo" time="0.0" classname="com.hyr.tests.loginOrange">
    <ignored/>
  </testcase> <!-- verifyMyInfo -->
</testsuite> <!-- OrangeHRMLogin -->
