<?xml version="1.0" encoding="UTF-8"?>
<!-- Generated by org.testng.reporters.JUnitXMLReporter -->
<testsuite hostname="SHIVA" ignored="1" name="OrangeHRMMyinfo" tests="4" failures="0" timestamp="22 Jan 2023 06:36:53 GMT" time="36.79" errors="0">
  <testcase name="launchApp" time="27.384" classname="com.hyr.tests.loginOrange"/>
  <testcase name="enterLoginCredentials" time="3.381" classname="com.hyr.tests.loginOrange"/>
  <testcase name="navigateToMyInfo" time="3.005" classname="com.hyr.tests.loginOrange"/>
  <testcase name="verifyMyInfo" time="0.774" classname="com.hyr.tests.loginOrange"/>
  <testcase name="verifyLogin" time="0.0" classname="com.hyr.tests.loginOrange">
    <ignored/>
  </testcase> <!-- verifyLogin -->
</testsuite> <!-- OrangeHRMMyinfo -->
