<?xml version="1.0" encoding="UTF-8"?>
<!-- Generated by org.testng.reporters.JUnitXMLReporter -->
<testsuite hostname="SHIVA" ignored="1" name="Test2" tests="3" failures="0" timestamp="23 Jan 2023 03:19:35 GMT" time="0.031" errors="0">
  <testcase name="fifth" time="0.0" classname="com.hyr.groupTest.NewTest2"/>
  <testcase name="fourth" time="0.015" classname="com.hyr.groupTest.NewTest2"/>
  <testcase name="sixth" time="0.0" classname="com.hyr.groupTest.NewTest2"/>
  <testcase name="seventh" time="0.0" classname="com.hyr.groupTest.NewTest2">
    <ignored/>
  </testcase> <!-- seventh -->
</testsuite> <!-- Test2 -->
