<?xml version="1.0" encoding="UTF-8"?>
<!-- Generated by org.testng.reporters.JUnitXMLReporter -->
<testsuite hostname="SHIVA" ignored="4" tests="0" failures="0" timestamp="23 Jan 2023 03:19:35 GMT" time="0.0" errors="0">
  <testcase name="first" time="0.0" classname="com.hyr.groupTest.NewTest1">
    <ignored/>
  </testcase> <!-- first -->
  <testcase name="second" time="0.0" classname="com.hyr.groupTest.NewTest1">
    <ignored/>
  </testcase> <!-- second -->
  <testcase name="fourth" time="0.0" classname="com.hyr.groupTest.NewTest1">
    <ignored/>
  </testcase> <!-- fourth -->
  <testcase name="third" time="0.0" classname="com.hyr.groupTest.NewTest1">
    <ignored/>
  </testcase> <!-- third -->
</testsuite>
