<?xml version="1.0" encoding="UTF-8"?>
<!-- Generated by org.testng.reporters.JUnitXMLReporter -->
<testsuite hostname="SHIVA" ignored="0" name="new Test" tests="6" failures="0" timestamp="24 Jan 2023 06:15:23 GMT" time="0.046" errors="0">
  <testcase name="first" time="0.016" classname="com.hyr.demoTest.NewTest"/>
  <testcase name="second" time="0.0" classname="com.hyr.demoTest.NewTest"/>
  <testcase name="third" time="0.0" classname="com.hyr.demoTest.NewTest"/>
  <testcase name="fifth" time="0.0" classname="com.hyr.demoTest.NewTest2"/>
  <testcase name="fourth" time="0.0" classname="com.hyr.demoTest.NewTest2"/>
  <testcase name="sixth" time="0.0" classname="com.hyr.demoTest.NewTest2"/>
</testsuite> <!-- new Test -->
