<?xml version="1.0" encoding="UTF-8"?>
<!-- Generated by org.testng.reporters.JUnitXMLReporter -->
<testsuite hostname="SHIVA" ignored="0" name="TestGroupDependency" tests="6" failures="1" timestamp="24 Jan 2023 06:52:12 GMT" time="0.062" errors="0">
  <testcase name="test1" time="0.0" classname="com.hyr.groupTest.TesrGroupDependency"/>
  <testcase name="test2" time="0.0" classname="com.hyr.groupTest.TesrGroupDependency">
    <failure type="java.lang.ArithmeticException" message="/ by zero">
      <![CDATA[java.lang.ArithmeticException: / by zero
at com.hyr.groupTest.TesrGroupDependency.test2(TesrGroupDependency.java:13)
... Removed 25 stack frames]]>
    </failure>
  </testcase> <!-- test2 -->
  <testcase name="test3" time="0.0" classname="com.hyr.groupTest.TesrGroupDependency">
    <skipped/>
  </testcase> <!-- test3 -->
  <testcase name="test4" time="0.0" classname="com.hyr.groupTest.TesrGroupDependency"/>
  <testcase name="test5" time="0.0" classname="com.hyr.groupTest.TesrGroupDependency">
    <skipped/>
  </testcase> <!-- test5 -->
  <testcase name="test6" time="0.0" classname="com.hyr.groupTest.TesrGroupDependency">
    <skipped/>
  </testcase> <!-- test6 -->
</testsuite> <!-- TestGroupDependency -->
